{"/Users/usuario/Desktop/unow/tech-test-unow-frontend/src/App.tsx": {"path":"/Users/usuario/Desktop/unow/tech-test-unow-frontend/src/App.tsx","statementMap":{"0":{"start":{"line":3,"column":0},"end":{"line":3,"column":33}},"1":{"start":{"line":5,"column":12},"end":{"line":11,"column":1}},"2":{"start":{"line":6,"column":2},"end":{"line":10,"column":4}},"3":{"start":{"line":13,"column":0},"end":{"line":13,"column":19}}},"fnMap":{"0":{"name":"(anonymous_1)","decl":{"start":{"line":5,"column":12},"end":{"line":5,"column":15}},"loc":{"start":{"line":5,"column":17},"end":{"line":11,"column":1}}}},"branchMap":{},"s":{"0":1,"1":1,"2":2,"3":1},"f":{"0":2},"b":{}}
,"/Users/usuario/Desktop/unow/tech-test-unow-frontend/src/router.tsx": {"path":"/Users/usuario/Desktop/unow/tech-test-unow-frontend/src/router.tsx","statementMap":{"0":{"start":{"line":1,"column":0},"end":{"line":1,"column":74}},"1":{"start":{"line":2,"column":0},"end":{"line":2,"column":47}},"2":{"start":{"line":3,"column":0},"end":{"line":3,"column":49}},"3":{"start":{"line":5,"column":18},"end":{"line":11,"column":null}},"4":{"start":{"line":6,"column":2},"end":{"line":10,"column":null}},"5":{"start":{"line":14,"column":0},"end":{"line":14,"column":25}}},"fnMap":{"0":{"name":"(anonymous_1)","decl":{"start":{"line":5,"column":18},"end":{"line":5,"column":21}},"loc":{"start":{"line":6,"column":2},"end":{"line":10,"column":null}}}},"branchMap":{},"s":{"0":0,"1":0,"2":0,"3":0,"4":0,"5":0},"f":{"0":0},"b":{}}
,"/Users/usuario/Desktop/unow/tech-test-unow-frontend/src/vite-env.d.ts": {"path":"/Users/usuario/Desktop/unow/tech-test-unow-frontend/src/vite-env.d.ts","statementMap":{},"fnMap":{},"branchMap":{},"s":{},"f":{},"b":{}}
,"/Users/usuario/Desktop/unow/tech-test-unow-frontend/src/components/UserDetail.tsx": {"path":"/Users/usuario/Desktop/unow/tech-test-unow-frontend/src/components/UserDetail.tsx","statementMap":{"0":{"start":{"line":1,"column":0},"end":{"line":1,"column":51}},"1":{"start":{"line":2,"column":0},"end":{"line":2,"column":58}},"2":{"start":{"line":3,"column":0},"end":{"line":3,"column":54}},"3":{"start":{"line":4,"column":0},"end":{"line":4,"column":31}},"4":{"start":{"line":7,"column":19},"end":{"line":50,"column":1}},"5":{"start":{"line":8,"column":23},"end":{"line":8,"column":56}},"6":{"start":{"line":9,"column":26},"end":{"line":9,"column":53}},"7":{"start":{"line":10,"column":19},"end":{"line":10,"column":32}},"8":{"start":{"line":12,"column":27},"end":{"line":19,"column":3}},"9":{"start":{"line":13,"column":4},"end":{"line":18,"column":5}},"10":{"start":{"line":14,"column":26},"end":{"line":14,"column":56}},"11":{"start":{"line":15,"column":6},"end":{"line":15,"column":27}},"12":{"start":{"line":17,"column":6},"end":{"line":17,"column":59}},"13":{"start":{"line":20,"column":2},"end":{"line":23,"column":9}},"14":{"start":{"line":22,"column":4},"end":{"line":22,"column":23}},"15":{"start":{"line":25,"column":2},"end":{"line":27,"column":3}},"16":{"start":{"line":26,"column":4},"end":{"line":26,"column":46}},"17":{"start":{"line":29,"column":2},"end":{"line":49,"column":4}},"18":{"start":{"line":31,"column":29},"end":{"line":31,"column":41}},"19":{"start":{"line":52,"column":0},"end":{"line":52,"column":26}}},"fnMap":{"0":{"name":"(anonymous_0)","decl":{"start":{"line":7,"column":19},"end":{"line":7,"column":22}},"loc":{"start":{"line":7,"column":24},"end":{"line":50,"column":1}}},"1":{"name":"(anonymous_1)","decl":{"start":{"line":12,"column":27},"end":{"line":12,"column":32}},"loc":{"start":{"line":12,"column":38},"end":{"line":19,"column":3}}},"2":{"name":"(anonymous_2)","decl":{"start":{"line":20,"column":12},"end":{"line":20,"column":15}},"loc":{"start":{"line":20,"column":17},"end":{"line":23,"column":3}}},"3":{"name":"(anonymous_3)","decl":{"start":{"line":31,"column":23},"end":{"line":31,"column":26}},"loc":{"start":{"line":31,"column":29},"end":{"line":31,"column":41}}}},"branchMap":{"0":{"loc":{"start":{"line":25,"column":2},"end":{"line":27,"column":3}},"type":"if","locations":[{"start":{"line":25,"column":2},"end":{"line":27,"column":3}}]},"1":{"loc":{"start":{"line":34,"column":13},"end":{"line":34,"column":45}},"type":"binary-expr","locations":[{"start":{"line":34,"column":13},"end":{"line":34,"column":22}},{"start":{"line":34,"column":26},"end":{"line":34,"column":45}}]},"2":{"loc":{"start":{"line":36,"column":9},"end":{"line":36,"column":54}},"type":"binary-expr","locations":[{"start":{"line":36,"column":9},"end":{"line":36,"column":17}},{"start":{"line":36,"column":21},"end":{"line":36,"column":54}}]},"3":{"loc":{"start":{"line":39,"column":44},"end":{"line":39,"column":85}},"type":"binary-expr","locations":[{"start":{"line":39,"column":44},"end":{"line":39,"column":57}},{"start":{"line":39,"column":61},"end":{"line":39,"column":85}}]},"4":{"loc":{"start":{"line":40,"column":43},"end":{"line":40,"column":82}},"type":"binary-expr","locations":[{"start":{"line":40,"column":43},"end":{"line":40,"column":55}},{"start":{"line":40,"column":59},"end":{"line":40,"column":82}}]},"5":{"loc":{"start":{"line":41,"column":43},"end":{"line":41,"column":158}},"type":"cond-expr","locations":[{"start":{"line":41,"column":55},"end":{"line":41,"column":132}},{"start":{"line":41,"column":135},"end":{"line":41,"column":158}}]}},"s":{"0":1,"1":1,"2":1,"3":1,"4":1,"5":8,"6":7,"7":7,"8":7,"9":4,"10":4,"11":4,"12":0,"13":7,"14":4,"15":7,"16":4,"17":3,"18":1,"19":1},"f":{"0":8,"1":4,"2":4,"3":1},"b":{"0":[4],"1":[3,1],"2":[3,3],"3":[3,1],"4":[3,1],"5":[2,1]}}
,"/Users/usuario/Desktop/unow/tech-test-unow-frontend/src/components/UserTable.tsx": {"path":"/Users/usuario/Desktop/unow/tech-test-unow-frontend/src/components/UserTable.tsx","statementMap":{"0":{"start":{"line":1,"column":0},"end":{"line":1,"column":51}},"1":{"start":{"line":2,"column":0},"end":{"line":2,"column":52}},"2":{"start":{"line":3,"column":0},"end":{"line":3,"column":47}},"3":{"start":{"line":5,"column":0},"end":{"line":5,"column":30}},"4":{"start":{"line":7,"column":18},"end":{"line":65,"column":1}},"5":{"start":{"line":8,"column":28},"end":{"line":8,"column":48}},"6":{"start":{"line":9,"column":30},"end":{"line":9,"column":42}},"7":{"start":{"line":10,"column":19},"end":{"line":10,"column":32}},"8":{"start":{"line":11,"column":21},"end":{"line":18,"column":3}},"9":{"start":{"line":12,"column":4},"end":{"line":17,"column":5}},"10":{"start":{"line":13,"column":22},"end":{"line":13,"column":47}},"11":{"start":{"line":14,"column":6},"end":{"line":14,"column":24}},"12":{"start":{"line":16,"column":6},"end":{"line":16,"column":60}},"13":{"start":{"line":19,"column":2},"end":{"line":24,"column":15}},"14":{"start":{"line":20,"column":4},"end":{"line":23,"column":19}},"15":{"start":{"line":21,"column":6},"end":{"line":21,"column":25}},"16":{"start":{"line":23,"column":6},"end":{"line":23,"column":19}},"17":{"start":{"line":26,"column":2},"end":{"line":64,"column":4}},"18":{"start":{"line":34,"column":10},"end":{"line":34,"column":36}},"19":{"start":{"line":42,"column":16},"end":{"line":42,"column":null}},"20":{"start":{"line":55,"column":41},"end":{"line":55,"column":72}},"21":{"start":{"line":67,"column":0},"end":{"line":67,"column":25}}},"fnMap":{"0":{"name":"(anonymous_0)","decl":{"start":{"line":7,"column":18},"end":{"line":7,"column":21}},"loc":{"start":{"line":7,"column":23},"end":{"line":65,"column":1}}},"1":{"name":"(anonymous_1)","decl":{"start":{"line":11,"column":21},"end":{"line":11,"column":26}},"loc":{"start":{"line":11,"column":46},"end":{"line":18,"column":3}}},"2":{"name":"(anonymous_2)","decl":{"start":{"line":19,"column":12},"end":{"line":19,"column":15}},"loc":{"start":{"line":19,"column":17},"end":{"line":24,"column":3}}},"3":{"name":"(anonymous_3)","decl":{"start":{"line":33,"column":18},"end":{"line":33,"column":19}},"loc":{"start":{"line":33,"column":24},"end":{"line":35,"column":9}}},"4":{"name":"(anonymous_4)","decl":{"start":{"line":41,"column":24},"end":{"line":41,"column":25}},"loc":{"start":{"line":42,"column":16},"end":{"line":42,"column":null}}},"5":{"name":"(anonymous_5)","decl":{"start":{"line":55,"column":35},"end":{"line":55,"column":38}},"loc":{"start":{"line":55,"column":41},"end":{"line":55,"column":72}}}},"branchMap":{"0":{"loc":{"start":{"line":20,"column":4},"end":{"line":23,"column":19}},"type":"if","locations":[{"start":{"line":20,"column":4},"end":{"line":23,"column":19}},{"start":{"line":23,"column":6},"end":{"line":23,"column":19}}]},"1":{"loc":{"start":{"line":38,"column":8},"end":{"line":61,"column":26}},"type":"cond-expr","locations":[{"start":{"line":39,"column":10},"end":{"line":57,"column":null}},{"start":{"line":61,"column":10},"end":{"line":61,"column":26}}]}},"s":{"0":1,"1":1,"2":1,"3":1,"4":1,"5":11,"6":11,"7":11,"8":11,"9":5,"10":5,"11":5,"12":0,"13":11,"14":6,"15":5,"16":1,"17":11,"18":2,"19":8,"20":0,"21":1},"f":{"0":11,"1":5,"2":6,"3":2,"4":8,"5":0},"b":{"0":[5,1],"1":[4,7]}}
,"/Users/usuario/Desktop/unow/tech-test-unow-frontend/src/services/githubAPI.ts": {"path":"/Users/usuario/Desktop/unow/tech-test-unow-frontend/src/services/githubAPI.ts","statementMap":{"0":{"start":{"line":2,"column":0},"end":{"line":2,"column":26}},"1":{"start":{"line":5,"column":24},"end":{"line":8,"column":1}},"2":{"start":{"line":6,"column":19},"end":{"line":6,"column":66}},"3":{"start":{"line":7,"column":2},"end":{"line":7,"column":23}},"4":{"start":{"line":5,"column":13},"end":{"line":5,"column":24}},"5":{"start":{"line":10,"column":29},"end":{"line":13,"column":1}},"6":{"start":{"line":11,"column":19},"end":{"line":11,"column":78}},"7":{"start":{"line":12,"column":2},"end":{"line":12,"column":23}},"8":{"start":{"line":10,"column":13},"end":{"line":10,"column":29}},"9":{"start":{"line":14,"column":27},"end":{"line":17,"column":1}},"10":{"start":{"line":15,"column":19},"end":{"line":15,"column":84}},"11":{"start":{"line":16,"column":2},"end":{"line":16,"column":29}},"12":{"start":{"line":14,"column":13},"end":{"line":14,"column":27}}},"fnMap":{"0":{"name":"(anonymous_1)","decl":{"start":{"line":5,"column":24},"end":{"line":5,"column":29}},"loc":{"start":{"line":5,"column":52},"end":{"line":8,"column":1}}},"1":{"name":"(anonymous_2)","decl":{"start":{"line":10,"column":29},"end":{"line":10,"column":34}},"loc":{"start":{"line":10,"column":71},"end":{"line":13,"column":1}}},"2":{"name":"(anonymous_3)","decl":{"start":{"line":14,"column":27},"end":{"line":14,"column":32}},"loc":{"start":{"line":14,"column":68},"end":{"line":17,"column":1}}}},"branchMap":{},"s":{"0":1,"1":1,"2":1,"3":1,"4":1,"5":1,"6":1,"7":1,"8":1,"9":1,"10":1,"11":1,"12":1},"f":{"0":1,"1":1,"2":1},"b":{}}
}
