TN:
SF:src/App.tsx
FN:5,(anonymous_1)
FNF:1
FNH:1
FNDA:2,(anonymous_1)
DA:3,1
DA:5,1
DA:6,2
DA:13,1
LF:4
LH:4
BRF:0
BRH:0
end_of_record
TN:
SF:src/router.tsx
FN:5,(anonymous_1)
FNF:1
FNH:0
FNDA:0,(anonymous_1)
DA:1,0
DA:2,0
DA:3,0
DA:5,0
DA:6,0
DA:14,0
LF:6
LH:0
BRF:0
BRH:0
end_of_record
TN:
SF:src/vite-env.d.ts
FNF:0
FNH:0
LF:0
LH:0
BRF:0
BRH:0
end_of_record
TN:
SF:src/components/UserDetail.tsx
FN:7,(anonymous_0)
FN:12,(anonymous_1)
FN:20,(anonymous_2)
FN:31,(anonymous_3)
FNF:4
FNH:4
FNDA:8,(anonymous_0)
FNDA:4,(anonymous_1)
FNDA:4,(anonymous_2)
FNDA:1,(anonymous_3)
DA:1,1
DA:2,1
DA:3,1
DA:4,1
DA:7,1
DA:8,8
DA:9,7
DA:10,7
DA:12,7
DA:13,4
DA:14,4
DA:15,4
DA:17,0
DA:20,7
DA:22,4
DA:25,7
DA:26,4
DA:29,3
DA:31,1
DA:52,1
LF:20
LH:19
BRDA:25,0,0,4
BRDA:34,1,0,3
BRDA:34,1,1,1
BRDA:36,2,0,3
BRDA:36,2,1,3
BRDA:39,3,0,3
BRDA:39,3,1,1
BRDA:40,4,0,3
BRDA:40,4,1,1
BRDA:41,5,0,2
BRDA:41,5,1,1
BRF:11
BRH:11
end_of_record
TN:
SF:src/components/UserTable.tsx
FN:7,(anonymous_0)
FN:11,(anonymous_1)
FN:19,(anonymous_2)
FN:33,(anonymous_3)
FN:41,(anonymous_4)
FN:55,(anonymous_5)
FNF:6
FNH:5
FNDA:11,(anonymous_0)
FNDA:5,(anonymous_1)
FNDA:6,(anonymous_2)
FNDA:2,(anonymous_3)
FNDA:8,(anonymous_4)
FNDA:0,(anonymous_5)
DA:1,1
DA:2,1
DA:3,1
DA:5,1
DA:7,1
DA:8,11
DA:9,11
DA:10,11
DA:11,11
DA:12,5
DA:13,5
DA:14,5
DA:16,0
DA:19,11
DA:20,6
DA:21,5
DA:23,1
DA:26,11
DA:34,2
DA:42,8
DA:55,0
DA:67,1
LF:22
LH:20
BRDA:20,0,0,5
BRDA:20,0,1,1
BRDA:38,1,0,4
BRDA:38,1,1,7
BRF:4
BRH:4
end_of_record
TN:
SF:src/services/githubAPI.ts
FN:5,(anonymous_1)
FN:10,(anonymous_2)
FN:14,(anonymous_3)
FNF:3
FNH:3
FNDA:1,(anonymous_1)
FNDA:1,(anonymous_2)
FNDA:1,(anonymous_3)
DA:2,1
DA:5,1
DA:6,1
DA:7,1
DA:10,1
DA:11,1
DA:12,1
DA:14,1
DA:15,1
DA:16,1
LF:10
LH:10
BRF:0
BRH:0
end_of_record
